array (
  0 => 
  array (
    'id' => '85',
    'task' => 'hello',
    'description' => 'hello',
    'time' => '0012-12-12T12:12',
  ),
  1 => 
  array (
    'id' => '86',
    'task' => '34',
    'description' => '243',
    'time' => '32423-04-23T04:34',
  ),
  2 => 
  array (
    'id' => '87',
    'task' => '234',
    'description' => '234',
    'time' => '234234-04-23T03:24',
  ),
  3 => 
  array (
    'id' => '88',
    'task' => '423',
    'description' => '243',
    'time' => '234234-03-24T03:34',
  ),
)